<?xml version="1.0" encoding="UTF-8"?>
<testng-results ignored="0" total="2" passed="2" failed="0" skipped="0">
  <reporter-output>
  </reporter-output>
  <suite started-at="2025-03-24T15:41:11 IST" name="Suite" finished-at="2025-03-24T15:41:44 IST" duration-ms="32991">
    <groups>
    </groups>
    <test started-at="2025-03-24T15:41:11 IST" name="Test" finished-at="2025-03-24T15:41:44 IST" duration-ms="32991">
      <class name="TestCases.BarcodeBatch">
        <test-method is-config="true" signature="setup()[pri:0, instance:TestCases.BarcodeBatch@5032714f]" started-at="2025-03-24T15:41:11 IST" name="setup" finished-at="2025-03-24T15:41:22 IST" duration-ms="11415" status="PASS">
          <reporter-output>
          </reporter-output>
        </test-method> <!-- setup -->
        <test-method signature="test()[pri:0, instance:TestCases.BarcodeBatch@5032714f]" started-at="2025-03-24T15:41:22 IST" name="test" finished-at="2025-03-24T15:41:28 IST" duration-ms="5189" status="PASS">
          <reporter-output>
          </reporter-output>
        </test-method> <!-- test -->
      </class> <!-- TestCases.BarcodeBatch -->
      <class name="TestCases.CreateTestKit">
        <test-method is-config="true" signature="setup()[pri:0, instance:TestCases.CreateTestKit@6fa51cd4]" started-at="2025-03-24T15:41:28 IST" name="setup" finished-at="2025-03-24T15:41:41 IST" duration-ms="13587" status="PASS">
          <reporter-output>
          </reporter-output>
        </test-method> <!-- setup -->
        <test-method signature="testkit()[pri:0, instance:TestCases.CreateTestKit@6fa51cd4]" started-at="2025-03-24T15:41:41 IST" name="testkit" finished-at="2025-03-24T15:41:44 IST" duration-ms="2741" status="PASS">
          <reporter-output>
          </reporter-output>
        </test-method> <!-- testkit -->
      </class> <!-- TestCases.CreateTestKit -->
    </test> <!-- Test -->
  </suite> <!-- Suite -->
</testng-results>
